{"/Users/erasmodesouzapinheiro/Documents/Dev/ts-hexagonal-boilerplate/src/adapters/controllers/group/GroupInputValidator.ts": {"path":"/Users/erasmodesouzapinheiro/Documents/Dev/ts-hexagonal-boilerplate/src/adapters/controllers/group/GroupInputValidator.ts","statementMap":{"0":{"start":{"line":2,"column":0},"end":{"line":2,"column":77}},"1":{"start":{"line":4,"column":0},"end":{"line":4,"column":55}},"2":{"start":{"line":8,"column":4},"end":{"line":10,"column":5}},"3":{"start":{"line":9,"column":6},"end":{"line":9,"column":39}},"4":{"start":{"line":12,"column":4},"end":{"line":23,"column":5}},"5":{"start":{"line":13,"column":23},"end":{"line":13,"column":55}},"6":{"start":{"line":16,"column":6},"end":{"line":20,"column":24}},"7":{"start":{"line":22,"column":6},"end":{"line":22,"column":64}},"8":{"start":{"line":6,"column":0},"end":{"line":6,"column":13}}},"fnMap":{"0":{"name":"(anonymous_0)","decl":{"start":{"line":7,"column":2},"end":{"line":7,"column":10}},"loc":{"start":{"line":7,"column":25},"end":{"line":24,"column":3}}}},"branchMap":{"0":{"loc":{"start":{"line":8,"column":4},"end":{"line":10,"column":5}},"type":"if","locations":[{"start":{"line":8,"column":4},"end":{"line":10,"column":5}}]},"1":{"loc":{"start":{"line":8,"column":8},"end":{"line":8,"column":43}},"type":"binary-expr","locations":[{"start":{"line":8,"column":8},"end":{"line":8,"column":14}},{"start":{"line":8,"column":18},"end":{"line":8,"column":43}}]}},"s":{"0":0,"1":0,"2":0,"3":0,"4":0,"5":0,"6":0,"7":0,"8":0},"f":{"0":0},"b":{"0":[0],"1":[0,0]}}
,"/Users/erasmodesouzapinheiro/Documents/Dev/ts-hexagonal-boilerplate/src/adapters/errors/notfound.exception.ts": {"path":"/Users/erasmodesouzapinheiro/Documents/Dev/ts-hexagonal-boilerplate/src/adapters/errors/notfound.exception.ts","statementMap":{"0":{"start":{"line":3,"column":4},"end":{"line":3,"column":19}},"1":{"start":{"line":4,"column":4},"end":{"line":4,"column":36}},"2":{"start":{"line":1,"column":0},"end":{"line":1,"column":13}}},"fnMap":{"0":{"name":"(anonymous_0)","decl":{"start":{"line":2,"column":2},"end":{"line":2,"column":14}},"loc":{"start":{"line":2,"column":29},"end":{"line":5,"column":3}}}},"branchMap":{},"s":{"0":0,"1":0,"2":0},"f":{"0":0},"b":{}}
,"/Users/erasmodesouzapinheiro/Documents/Dev/ts-hexagonal-boilerplate/src/adapters/errors/validation.exception.ts": {"path":"/Users/erasmodesouzapinheiro/Documents/Dev/ts-hexagonal-boilerplate/src/adapters/errors/validation.exception.ts","statementMap":{"0":{"start":{"line":3,"column":4},"end":{"line":3,"column":31}},"1":{"start":{"line":2,"column":30},"end":{"line":2,"column":47}},"2":{"start":{"line":1,"column":0},"end":{"line":1,"column":13}}},"fnMap":{"0":{"name":"(anonymous_0)","decl":{"start":{"line":2,"column":2},"end":{"line":2,"column":30}},"loc":{"start":{"line":2,"column":47},"end":{"line":4,"column":3}}}},"branchMap":{},"s":{"0":0,"1":0,"2":0},"f":{"0":0},"b":{}}
,"/Users/erasmodesouzapinheiro/Documents/Dev/ts-hexagonal-boilerplate/src/adapters/framework/exceptions/BusinessException.ts": {"path":"/Users/erasmodesouzapinheiro/Documents/Dev/ts-hexagonal-boilerplate/src/adapters/framework/exceptions/BusinessException.ts","statementMap":{"0":{"start":{"line":3,"column":4},"end":{"line":3,"column":19}},"1":{"start":{"line":7,"column":0},"end":{"line":7,"column":33}}},"fnMap":{"0":{"name":"(anonymous_0)","decl":{"start":{"line":2,"column":2},"end":{"line":2,"column":14}},"loc":{"start":{"line":2,"column":29},"end":{"line":4,"column":3}}}},"branchMap":{},"s":{"0":0,"1":0},"f":{"0":0},"b":{}}
,"/Users/erasmodesouzapinheiro/Documents/Dev/ts-hexagonal-boilerplate/src/adapters/framework/exceptions/SystemException.ts": {"path":"/Users/erasmodesouzapinheiro/Documents/Dev/ts-hexagonal-boilerplate/src/adapters/framework/exceptions/SystemException.ts","statementMap":{"0":{"start":{"line":3,"column":4},"end":{"line":3,"column":19}},"1":{"start":{"line":7,"column":0},"end":{"line":7,"column":31}}},"fnMap":{"0":{"name":"(anonymous_0)","decl":{"start":{"line":2,"column":2},"end":{"line":2,"column":14}},"loc":{"start":{"line":2,"column":29},"end":{"line":4,"column":3}}}},"branchMap":{},"s":{"0":0,"1":0},"f":{"0":0},"b":{}}
,"/Users/erasmodesouzapinheiro/Documents/Dev/ts-hexagonal-boilerplate/src/adapters/repositories/InMemoryGroupRepository.ts": {"path":"/Users/erasmodesouzapinheiro/Documents/Dev/ts-hexagonal-boilerplate/src/adapters/repositories/InMemoryGroupRepository.ts","statementMap":{"0":{"start":{"line":5,"column":10},"end":{"line":5,"column":31}},"1":{"start":{"line":8,"column":4},"end":{"line":8,"column":28}},"2":{"start":{"line":9,"column":4},"end":{"line":9,"column":17}},"3":{"start":{"line":13,"column":18},"end":{"line":13,"column":57}},"4":{"start":{"line":13,"column":45},"end":{"line":13,"column":56}},"5":{"start":{"line":14,"column":4},"end":{"line":14,"column":34}},"6":{"start":{"line":14,"column":22},"end":{"line":14,"column":34}},"7":{"start":{"line":16,"column":4},"end":{"line":16,"column":31}},"8":{"start":{"line":17,"column":4},"end":{"line":17,"column":17}},"9":{"start":{"line":21,"column":18},"end":{"line":21,"column":57}},"10":{"start":{"line":21,"column":45},"end":{"line":21,"column":56}},"11":{"start":{"line":22,"column":4},"end":{"line":24,"column":5}},"12":{"start":{"line":23,"column":6},"end":{"line":23,"column":35}},"13":{"start":{"line":28,"column":4},"end":{"line":28,"column":62}},"14":{"start":{"line":28,"column":37},"end":{"line":28,"column":52}},"15":{"start":{"line":32,"column":4},"end":{"line":32,"column":23}},"16":{"start":{"line":4,"column":0},"end":{"line":4,"column":13}}},"fnMap":{"0":{"name":"(anonymous_0)","decl":{"start":{"line":4,"column":0},"end":{"line":4,"column":13}},"loc":{"start":{"line":4,"column":0},"end":{"line":34,"column":1}}},"1":{"name":"(anonymous_1)","decl":{"start":{"line":7,"column":2},"end":{"line":7,"column":7}},"loc":{"start":{"line":7,"column":25},"end":{"line":10,"column":3}}},"2":{"name":"(anonymous_2)","decl":{"start":{"line":12,"column":2},"end":{"line":12,"column":7}},"loc":{"start":{"line":12,"column":39},"end":{"line":18,"column":3}}},"3":{"name":"(anonymous_3)","decl":{"start":{"line":13,"column":40},"end":{"line":13,"column":41}},"loc":{"start":{"line":13,"column":45},"end":{"line":13,"column":56}}},"4":{"name":"(anonymous_4)","decl":{"start":{"line":20,"column":2},"end":{"line":20,"column":7}},"loc":{"start":{"line":20,"column":25},"end":{"line":25,"column":3}}},"5":{"name":"(anonymous_5)","decl":{"start":{"line":21,"column":40},"end":{"line":21,"column":41}},"loc":{"start":{"line":21,"column":45},"end":{"line":21,"column":56}}},"6":{"name":"(anonymous_6)","decl":{"start":{"line":27,"column":2},"end":{"line":27,"column":7}},"loc":{"start":{"line":27,"column":27},"end":{"line":29,"column":3}}},"7":{"name":"(anonymous_7)","decl":{"start":{"line":28,"column":28},"end":{"line":28,"column":33}},"loc":{"start":{"line":28,"column":37},"end":{"line":28,"column":52}}},"8":{"name":"(anonymous_8)","decl":{"start":{"line":31,"column":2},"end":{"line":31,"column":7}},"loc":{"start":{"line":31,"column":15},"end":{"line":33,"column":3}}}},"branchMap":{"0":{"loc":{"start":{"line":14,"column":4},"end":{"line":14,"column":34}},"type":"if","locations":[{"start":{"line":14,"column":4},"end":{"line":14,"column":34}}]},"1":{"loc":{"start":{"line":22,"column":4},"end":{"line":24,"column":5}},"type":"if","locations":[{"start":{"line":22,"column":4},"end":{"line":24,"column":5}}]},"2":{"loc":{"start":{"line":28,"column":11},"end":{"line":28,"column":61}},"type":"binary-expr","locations":[{"start":{"line":28,"column":11},"end":{"line":28,"column":53}},{"start":{"line":28,"column":57},"end":{"line":28,"column":61}}]}},"s":{"0":0,"1":0,"2":0,"3":0,"4":0,"5":0,"6":0,"7":0,"8":0,"9":0,"10":0,"11":0,"12":0,"13":0,"14":0,"15":0,"16":0},"f":{"0":0,"1":0,"2":0,"3":0,"4":0,"5":0,"6":0,"7":0,"8":0},"b":{"0":[0],"1":[0],"2":[0,0]}}
,"/Users/erasmodesouzapinheiro/Documents/Dev/ts-hexagonal-boilerplate/src/domain/entities/Group.ts": {"path":"/Users/erasmodesouzapinheiro/Documents/Dev/ts-hexagonal-boilerplate/src/domain/entities/Group.ts","statementMap":{"0":{"start":{"line":1,"column":0},"end":{"line":1,"column":45}},"1":{"start":{"line":11,"column":4},"end":{"line":14,"column":7}},"2":{"start":{"line":18,"column":4},"end":{"line":18,"column":27}},"3":{"start":{"line":22,"column":4},"end":{"line":22,"column":33}},"4":{"start":{"line":26,"column":4},"end":{"line":26,"column":34}},"5":{"start":{"line":9,"column":0},"end":{"line":9,"column":13}}},"fnMap":{"0":{"name":"(anonymous_0)","decl":{"start":{"line":10,"column":2},"end":{"line":10,"column":14}},"loc":{"start":{"line":10,"column":31},"end":{"line":15,"column":3}}},"1":{"name":"(anonymous_1)","decl":{"start":{"line":17,"column":2},"end":{"line":17,"column":6}},"loc":{"start":{"line":17,"column":10},"end":{"line":19,"column":3}}},"2":{"name":"(anonymous_2)","decl":{"start":{"line":21,"column":2},"end":{"line":21,"column":6}},"loc":{"start":{"line":21,"column":15},"end":{"line":23,"column":3}}},"3":{"name":"(anonymous_3)","decl":{"start":{"line":25,"column":2},"end":{"line":25,"column":6}},"loc":{"start":{"line":25,"column":17},"end":{"line":27,"column":3}}}},"branchMap":{"0":{"loc":{"start":{"line":13,"column":17},"end":{"line":13,"column":46}},"type":"binary-expr","locations":[{"start":{"line":13,"column":17},"end":{"line":13,"column":32}},{"start":{"line":13,"column":36},"end":{"line":13,"column":46}}]}},"s":{"0":1,"1":3,"2":1,"3":0,"4":0,"5":1},"f":{"0":3,"1":1,"2":0,"3":0},"b":{"0":[3,3]}}
,"/Users/erasmodesouzapinheiro/Documents/Dev/ts-hexagonal-boilerplate/src/domain/framework/Entity.ts": {"path":"/Users/erasmodesouzapinheiro/Documents/Dev/ts-hexagonal-boilerplate/src/domain/framework/Entity.ts","statementMap":{"0":{"start":{"line":3,"column":14},"end":{"line":3,"column":26}},"1":{"start":{"line":4,"column":14},"end":{"line":4,"column":28}},"2":{"start":{"line":8,"column":4},"end":{"line":8,"column":20}},"3":{"start":{"line":16,"column":21},"end":{"line":16,"column":36}},"4":{"start":{"line":17,"column":4},"end":{"line":17,"column":22}},"5":{"start":{"line":18,"column":4},"end":{"line":18,"column":20}},"6":{"start":{"line":1,"column":0},"end":{"line":1,"column":22}}},"fnMap":{"0":{"name":"(anonymous_0)","decl":{"start":{"line":2,"column":2},"end":{"line":2,"column":null}},"loc":{"start":{"line":4,"column":47},"end":{"line":5,"column":6}}},"1":{"name":"(anonymous_1)","decl":{"start":{"line":7,"column":2},"end":{"line":7,"column":6}},"loc":{"start":{"line":7,"column":8},"end":{"line":9,"column":3}}},"2":{"name":"(anonymous_2)","decl":{"start":{"line":11,"column":2},"end":{"line":11,"column":8}},"loc":{"start":{"line":14,"column":14},"end":{"line":19,"column":3}}}},"branchMap":{"0":{"loc":{"start":{"line":4,"column":14},"end":{"line":4,"column":47}},"type":"default-arg","locations":[{"start":{"line":4,"column":28},"end":{"line":4,"column":47}}]}},"s":{"0":3,"1":3,"2":1,"3":0,"4":0,"5":0,"6":1},"f":{"0":3,"1":1,"2":0},"b":{"0":[3]}}
,"/Users/erasmodesouzapinheiro/Documents/Dev/ts-hexagonal-boilerplate/src/domain/usecases/group/index.ts": {"path":"/Users/erasmodesouzapinheiro/Documents/Dev/ts-hexagonal-boilerplate/src/domain/usecases/group/index.ts","statementMap":{"0":{"start":{"line":1,"column":0},"end":{"line":1,"column":52}},"1":{"start":{"line":2,"column":0},"end":{"line":2,"column":52}},"2":{"start":{"line":3,"column":0},"end":{"line":3,"column":52}},"3":{"start":{"line":4,"column":0},"end":{"line":4,"column":46}},"4":{"start":{"line":5,"column":0},"end":{"line":5,"column":50}}},"fnMap":{},"branchMap":{},"s":{"0":0,"1":0,"2":0,"3":0,"4":0},"f":{},"b":{}}
,"/Users/erasmodesouzapinheiro/Documents/Dev/ts-hexagonal-boilerplate/src/domain/usecases/group/create-group/create-group.usecase.ts": {"path":"/Users/erasmodesouzapinheiro/Documents/Dev/ts-hexagonal-boilerplate/src/domain/usecases/group/create-group/create-group.usecase.ts","statementMap":{"0":{"start":{"line":1,"column":0},"end":{"line":1,"column":48}},"1":{"start":{"line":7,"column":22},"end":{"line":7,"column":55}},"2":{"start":{"line":10,"column":18},"end":{"line":10,"column":48}},"3":{"start":{"line":11,"column":23},"end":{"line":11,"column":61}},"4":{"start":{"line":13,"column":4},"end":{"line":15,"column":6}},"5":{"start":{"line":6,"column":0},"end":{"line":6,"column":13}}},"fnMap":{"0":{"name":"(anonymous_0)","decl":{"start":{"line":7,"column":2},"end":{"line":7,"column":22}},"loc":{"start":{"line":7,"column":55},"end":{"line":7,"column":59}}},"1":{"name":"(anonymous_1)","decl":{"start":{"line":9,"column":2},"end":{"line":9,"column":7}},"loc":{"start":{"line":9,"column":38},"end":{"line":16,"column":3}}}},"branchMap":{},"s":{"0":1,"1":2,"2":2,"3":2,"4":1,"5":1},"f":{"0":2,"1":2},"b":{}}
,"/Users/erasmodesouzapinheiro/Documents/Dev/ts-hexagonal-boilerplate/src/domain/usecases/group/delete-group/delete-group.usecase.ts": {"path":"/Users/erasmodesouzapinheiro/Documents/Dev/ts-hexagonal-boilerplate/src/domain/usecases/group/delete-group/delete-group.usecase.ts","statementMap":{"0":{"start":{"line":1,"column":0},"end":{"line":1,"column":73}},"1":{"start":{"line":7,"column":22},"end":{"line":7,"column":55}},"2":{"start":{"line":10,"column":26},"end":{"line":10,"column":71}},"3":{"start":{"line":11,"column":4},"end":{"line":11,"column":71}},"4":{"start":{"line":11,"column":24},"end":{"line":11,"column":71}},"5":{"start":{"line":13,"column":4},"end":{"line":13,"column":48}},"6":{"start":{"line":14,"column":4},"end":{"line":14,"column":28}},"7":{"start":{"line":6,"column":0},"end":{"line":6,"column":13}}},"fnMap":{"0":{"name":"(anonymous_0)","decl":{"start":{"line":7,"column":2},"end":{"line":7,"column":22}},"loc":{"start":{"line":7,"column":55},"end":{"line":7,"column":59}}},"1":{"name":"(anonymous_1)","decl":{"start":{"line":9,"column":2},"end":{"line":9,"column":7}},"loc":{"start":{"line":9,"column":39},"end":{"line":15,"column":3}}}},"branchMap":{"0":{"loc":{"start":{"line":11,"column":4},"end":{"line":11,"column":71}},"type":"if","locations":[{"start":{"line":11,"column":4},"end":{"line":11,"column":71}}]}},"s":{"0":0,"1":0,"2":0,"3":0,"4":0,"5":0,"6":0,"7":0},"f":{"0":0,"1":0},"b":{"0":[0]}}
,"/Users/erasmodesouzapinheiro/Documents/Dev/ts-hexagonal-boilerplate/src/domain/usecases/group/get-group/get-group.mapper.ts": {"path":"/Users/erasmodesouzapinheiro/Documents/Dev/ts-hexagonal-boilerplate/src/domain/usecases/group/get-group/get-group.mapper.ts","statementMap":{"0":{"start":{"line":6,"column":4},"end":{"line":11,"column":6}},"1":{"start":{"line":4,"column":0},"end":{"line":4,"column":13}}},"fnMap":{"0":{"name":"(anonymous_0)","decl":{"start":{"line":5,"column":2},"end":{"line":5,"column":8}},"loc":{"start":{"line":5,"column":31},"end":{"line":12,"column":3}}}},"branchMap":{},"s":{"0":0,"1":0},"f":{"0":0},"b":{}}
,"/Users/erasmodesouzapinheiro/Documents/Dev/ts-hexagonal-boilerplate/src/domain/usecases/group/get-group/get-group.usecase.ts": {"path":"/Users/erasmodesouzapinheiro/Documents/Dev/ts-hexagonal-boilerplate/src/domain/usecases/group/get-group/get-group.usecase.ts","statementMap":{"0":{"start":{"line":1,"column":0},"end":{"line":1,"column":73}},"1":{"start":{"line":5,"column":0},"end":{"line":5,"column":53}},"2":{"start":{"line":8,"column":22},"end":{"line":8,"column":55}},"3":{"start":{"line":11,"column":18},"end":{"line":11,"column":63}},"4":{"start":{"line":13,"column":4},"end":{"line":13,"column":63}},"5":{"start":{"line":13,"column":16},"end":{"line":13,"column":63}},"6":{"start":{"line":15,"column":4},"end":{"line":15,"column":39}},"7":{"start":{"line":7,"column":0},"end":{"line":7,"column":13}}},"fnMap":{"0":{"name":"(anonymous_0)","decl":{"start":{"line":8,"column":2},"end":{"line":8,"column":22}},"loc":{"start":{"line":8,"column":55},"end":{"line":8,"column":59}}},"1":{"name":"(anonymous_1)","decl":{"start":{"line":10,"column":2},"end":{"line":10,"column":7}},"loc":{"start":{"line":10,"column":36},"end":{"line":16,"column":3}}}},"branchMap":{"0":{"loc":{"start":{"line":13,"column":4},"end":{"line":13,"column":63}},"type":"if","locations":[{"start":{"line":13,"column":4},"end":{"line":13,"column":63}}]}},"s":{"0":0,"1":0,"2":0,"3":0,"4":0,"5":0,"6":0,"7":0},"f":{"0":0,"1":0},"b":{"0":[0]}}
,"/Users/erasmodesouzapinheiro/Documents/Dev/ts-hexagonal-boilerplate/src/domain/usecases/group/list-groups/list-groups.usecase.ts": {"path":"/Users/erasmodesouzapinheiro/Documents/Dev/ts-hexagonal-boilerplate/src/domain/usecases/group/list-groups/list-groups.usecase.ts","statementMap":{"0":{"start":{"line":3,"column":0},"end":{"line":3,"column":53}},"1":{"start":{"line":6,"column":31},"end":{"line":6,"column":59}},"2":{"start":{"line":9,"column":19},"end":{"line":9,"column":50}},"3":{"start":{"line":10,"column":4},"end":{"line":10,"column":44}},"4":{"start":{"line":5,"column":0},"end":{"line":5,"column":13}}},"fnMap":{"0":{"name":"(anonymous_0)","decl":{"start":{"line":6,"column":2},"end":{"line":6,"column":31}},"loc":{"start":{"line":6,"column":59},"end":{"line":6,"column":63}}},"1":{"name":"(anonymous_1)","decl":{"start":{"line":8,"column":2},"end":{"line":8,"column":7}},"loc":{"start":{"line":8,"column":15},"end":{"line":11,"column":3}}}},"branchMap":{},"s":{"0":0,"1":0,"2":0,"3":0,"4":0},"f":{"0":0,"1":0},"b":{}}
,"/Users/erasmodesouzapinheiro/Documents/Dev/ts-hexagonal-boilerplate/src/domain/usecases/group/shared/group.mapper.ts": {"path":"/Users/erasmodesouzapinheiro/Documents/Dev/ts-hexagonal-boilerplate/src/domain/usecases/group/shared/group.mapper.ts","statementMap":{"0":{"start":{"line":6,"column":4},"end":{"line":11,"column":6}},"1":{"start":{"line":15,"column":4},"end":{"line":20,"column":8}},"2":{"start":{"line":15,"column":30},"end":{"line":20,"column":6}},"3":{"start":{"line":4,"column":0},"end":{"line":4,"column":13}}},"fnMap":{"0":{"name":"(anonymous_0)","decl":{"start":{"line":5,"column":2},"end":{"line":5,"column":8}},"loc":{"start":{"line":5,"column":31},"end":{"line":12,"column":3}}},"1":{"name":"(anonymous_1)","decl":{"start":{"line":14,"column":2},"end":{"line":14,"column":8}},"loc":{"start":{"line":14,"column":35},"end":{"line":21,"column":3}}},"2":{"name":"(anonymous_2)","decl":{"start":{"line":15,"column":20},"end":{"line":15,"column":25}},"loc":{"start":{"line":15,"column":30},"end":{"line":20,"column":6}}}},"branchMap":{},"s":{"0":0,"1":0,"2":0,"3":0},"f":{"0":0,"1":0,"2":0},"b":{}}
,"/Users/erasmodesouzapinheiro/Documents/Dev/ts-hexagonal-boilerplate/src/domain/usecases/group/update-group/update-group.usecase.ts": {"path":"/Users/erasmodesouzapinheiro/Documents/Dev/ts-hexagonal-boilerplate/src/domain/usecases/group/update-group/update-group.usecase.ts","statementMap":{"0":{"start":{"line":1,"column":0},"end":{"line":1,"column":48}},"1":{"start":{"line":6,"column":0},"end":{"line":6,"column":73}},"2":{"start":{"line":9,"column":22},"end":{"line":9,"column":55}},"3":{"start":{"line":12,"column":26},"end":{"line":12,"column":71}},"4":{"start":{"line":13,"column":4},"end":{"line":13,"column":71}},"5":{"start":{"line":13,"column":24},"end":{"line":13,"column":71}},"6":{"start":{"line":15,"column":25},"end":{"line":15,"column":60}},"7":{"start":{"line":16,"column":4},"end":{"line":16,"column":62}},"8":{"start":{"line":18,"column":4},"end":{"line":18,"column":28}},"9":{"start":{"line":8,"column":0},"end":{"line":8,"column":13}}},"fnMap":{"0":{"name":"(anonymous_0)","decl":{"start":{"line":9,"column":2},"end":{"line":9,"column":22}},"loc":{"start":{"line":9,"column":55},"end":{"line":9,"column":59}}},"1":{"name":"(anonymous_1)","decl":{"start":{"line":11,"column":2},"end":{"line":11,"column":7}},"loc":{"start":{"line":11,"column":39},"end":{"line":19,"column":3}}}},"branchMap":{"0":{"loc":{"start":{"line":13,"column":4},"end":{"line":13,"column":71}},"type":"if","locations":[{"start":{"line":13,"column":4},"end":{"line":13,"column":71}}]}},"s":{"0":0,"1":0,"2":0,"3":0,"4":0,"5":0,"6":0,"7":0,"8":0,"9":0},"f":{"0":0,"1":0},"b":{"0":[0]}}
,"/Users/erasmodesouzapinheiro/Documents/Dev/ts-hexagonal-boilerplate/src/infrastructure/config/env.ts": {"path":"/Users/erasmodesouzapinheiro/Documents/Dev/ts-hexagonal-boilerplate/src/infrastructure/config/env.ts","statementMap":{"0":{"start":{"line":1,"column":0},"end":{"line":1,"column":28}},"1":{"start":{"line":3,"column":0},"end":{"line":3,"column":16}},"2":{"start":{"line":5,"column":13},"end":{"line":8,"column":2}}},"fnMap":{},"branchMap":{"0":{"loc":{"start":{"line":6,"column":8},"end":{"line":6,"column":32}},"type":"binary-expr","locations":[{"start":{"line":6,"column":8},"end":{"line":6,"column":24}},{"start":{"line":6,"column":28},"end":{"line":6,"column":32}}]},"1":{"loc":{"start":{"line":7,"column":15},"end":{"line":7,"column":52}},"type":"binary-expr","locations":[{"start":{"line":7,"column":15},"end":{"line":7,"column":35}},{"start":{"line":7,"column":39},"end":{"line":7,"column":52}}]}},"s":{"0":0,"1":0,"2":0},"f":{},"b":{"0":[0,0],"1":[0,0]}}
,"/Users/erasmodesouzapinheiro/Documents/Dev/ts-hexagonal-boilerplate/src/infrastructure/server/app.ts": {"path":"/Users/erasmodesouzapinheiro/Documents/Dev/ts-hexagonal-boilerplate/src/infrastructure/server/app.ts","statementMap":{"0":{"start":{"line":2,"column":0},"end":{"line":2,"column":30}},"1":{"start":{"line":3,"column":0},"end":{"line":3,"column":39}},"2":{"start":{"line":4,"column":0},"end":{"line":4,"column":57}},"3":{"start":{"line":5,"column":0},"end":{"line":5,"column":58}},"4":{"start":{"line":11,"column":4},"end":{"line":11,"column":25}},"5":{"start":{"line":12,"column":4},"end":{"line":12,"column":23}},"6":{"start":{"line":13,"column":4},"end":{"line":13,"column":18}},"7":{"start":{"line":14,"column":4},"end":{"line":14,"column":25}},"8":{"start":{"line":18,"column":4},"end":{"line":18,"column":33}},"9":{"start":{"line":22,"column":4},"end":{"line":24,"column":7}},"10":{"start":{"line":23,"column":6},"end":{"line":23,"column":34}},"11":{"start":{"line":25,"column":4},"end":{"line":25,"column":37}},"12":{"start":{"line":29,"column":4},"end":{"line":29,"column":31}},"13":{"start":{"line":33,"column":4},"end":{"line":35,"column":7}},"14":{"start":{"line":34,"column":6},"end":{"line":34,"column":62}},"15":{"start":{"line":7,"column":0},"end":{"line":7,"column":13}},"16":{"start":{"line":39,"column":12},"end":{"line":39,"column":21}},"17":{"start":{"line":40,"column":0},"end":{"line":40,"column":12}}},"fnMap":{"0":{"name":"(anonymous_1)","decl":{"start":{"line":10,"column":2},"end":{"line":10,"column":null}},"loc":{"start":{"line":10,"column":2},"end":{"line":15,"column":3}}},"1":{"name":"(anonymous_2)","decl":{"start":{"line":17,"column":10},"end":{"line":17,"column":21}},"loc":{"start":{"line":17,"column":21},"end":{"line":19,"column":3}}},"2":{"name":"(anonymous_3)","decl":{"start":{"line":21,"column":10},"end":{"line":21,"column":16}},"loc":{"start":{"line":21,"column":16},"end":{"line":26,"column":3}}},"3":{"name":"(anonymous_4)","decl":{"start":{"line":22,"column":34},"end":{"line":22,"column":35}},"loc":{"start":{"line":22,"column":47},"end":{"line":24,"column":5}}},"4":{"name":"(anonymous_5)","decl":{"start":{"line":28,"column":10},"end":{"line":28,"column":23}},"loc":{"start":{"line":28,"column":23},"end":{"line":30,"column":3}}},"5":{"name":"(anonymous_6)","decl":{"start":{"line":32,"column":9},"end":{"line":32,"column":14}},"loc":{"start":{"line":32,"column":14},"end":{"line":36,"column":3}}},"6":{"name":"(anonymous_7)","decl":{"start":{"line":33,"column":33},"end":{"line":33,"column":36}},"loc":{"start":{"line":33,"column":38},"end":{"line":35,"column":5}}}},"branchMap":{},"s":{"0":0,"1":0,"2":0,"3":0,"4":0,"5":0,"6":0,"7":0,"8":0,"9":0,"10":0,"11":0,"12":0,"13":0,"14":0,"15":0,"16":0,"17":0},"f":{"0":0,"1":0,"2":0,"3":0,"4":0,"5":0,"6":0},"b":{}}
,"/Users/erasmodesouzapinheiro/Documents/Dev/ts-hexagonal-boilerplate/src/infrastructure/server/middlewares/errorHandler.ts": {"path":"/Users/erasmodesouzapinheiro/Documents/Dev/ts-hexagonal-boilerplate/src/infrastructure/server/middlewares/errorHandler.ts","statementMap":{"0":{"start":{"line":2,"column":0},"end":{"line":2,"column":77}},"1":{"start":{"line":3,"column":0},"end":{"line":3,"column":73}},"2":{"start":{"line":5,"column":49},"end":{"line":34,"column":1}},"3":{"start":{"line":11,"column":2},"end":{"line":18,"column":3}},"4":{"start":{"line":12,"column":4},"end":{"line":12,"column":25}},"5":{"start":{"line":13,"column":4},"end":{"line":16,"column":7}},"6":{"start":{"line":17,"column":4},"end":{"line":17,"column":11}},"7":{"start":{"line":20,"column":2},"end":{"line":28,"column":3}},"8":{"start":{"line":21,"column":4},"end":{"line":21,"column":50}},"9":{"start":{"line":22,"column":4},"end":{"line":22,"column":25}},"10":{"start":{"line":23,"column":4},"end":{"line":26,"column":7}},"11":{"start":{"line":27,"column":4},"end":{"line":27,"column":11}},"12":{"start":{"line":30,"column":2},"end":{"line":30,"column":23}},"13":{"start":{"line":31,"column":2},"end":{"line":33,"column":5}},"14":{"start":{"line":5,"column":13},"end":{"line":5,"column":49}}},"fnMap":{"0":{"name":"(anonymous_0)","decl":{"start":{"line":5,"column":49},"end":{"line":5,"column":null}},"loc":{"start":{"line":10,"column":4},"end":{"line":34,"column":1}}}},"branchMap":{"0":{"loc":{"start":{"line":11,"column":2},"end":{"line":18,"column":3}},"type":"if","locations":[{"start":{"line":11,"column":2},"end":{"line":18,"column":3}}]},"1":{"loc":{"start":{"line":20,"column":2},"end":{"line":28,"column":3}},"type":"if","locations":[{"start":{"line":20,"column":2},"end":{"line":28,"column":3}}]}},"s":{"0":0,"1":0,"2":0,"3":0,"4":0,"5":0,"6":0,"7":0,"8":0,"9":0,"10":0,"11":0,"12":0,"13":0,"14":0},"f":{"0":0},"b":{"0":[0],"1":[0]}}
,"/Users/erasmodesouzapinheiro/Documents/Dev/ts-hexagonal-boilerplate/src/infrastructure/server/middlewares/routeHandler.ts": {"path":"/Users/erasmodesouzapinheiro/Documents/Dev/ts-hexagonal-boilerplate/src/infrastructure/server/middlewares/routeHandler.ts","statementMap":{"0":{"start":{"line":3,"column":0},"end":{"line":3,"column":16}},"1":{"start":{"line":4,"column":2},"end":{"line":10,"column":4}},"2":{"start":{"line":5,"column":4},"end":{"line":9,"column":5}},"3":{"start":{"line":6,"column":6},"end":{"line":6,"column":39}},"4":{"start":{"line":8,"column":6},"end":{"line":8,"column":18}}},"fnMap":{"0":{"name":"routeHandler","decl":{"start":{"line":3,"column":16},"end":{"line":3,"column":28}},"loc":{"start":{"line":3,"column":55},"end":{"line":11,"column":1}}},"1":{"name":"(anonymous_1)","decl":{"start":{"line":4,"column":9},"end":{"line":4,"column":14}},"loc":{"start":{"line":4,"column":67},"end":{"line":10,"column":3}}}},"branchMap":{},"s":{"0":0,"1":0,"2":0,"3":0,"4":0},"f":{"0":0,"1":0},"b":{}}
,"/Users/erasmodesouzapinheiro/Documents/Dev/ts-hexagonal-boilerplate/src/infrastructure/server/routes/group.routes.ts": {"path":"/Users/erasmodesouzapinheiro/Documents/Dev/ts-hexagonal-boilerplate/src/infrastructure/server/routes/group.routes.ts","statementMap":{"0":{"start":{"line":5,"column":0},"end":{"line":5,"column":16}},"1":{"start":{"line":1,"column":0},"end":{"line":1,"column":33}},"2":{"start":{"line":2,"column":0},"end":{"line":2,"column":91}},"3":{"start":{"line":3,"column":0},"end":{"line":3,"column":59}},"4":{"start":{"line":6,"column":17},"end":{"line":6,"column":25}},"5":{"start":{"line":7,"column":21},"end":{"line":7,"column":52}},"6":{"start":{"line":9,"column":2},"end":{"line":9,"column":75}},"7":{"start":{"line":10,"column":2},"end":{"line":10,"column":72}},"8":{"start":{"line":11,"column":2},"end":{"line":11,"column":79}},"9":{"start":{"line":12,"column":2},"end":{"line":12,"column":80}},"10":{"start":{"line":13,"column":2},"end":{"line":16,"column":4}},"11":{"start":{"line":18,"column":2},"end":{"line":18,"column":16}}},"fnMap":{"0":{"name":"setupGroupRoutes","decl":{"start":{"line":5,"column":16},"end":{"line":5,"column":32}},"loc":{"start":{"line":5,"column":32},"end":{"line":19,"column":1}}}},"branchMap":{},"s":{"0":0,"1":0,"2":0,"3":0,"4":0,"5":0,"6":0,"7":0,"8":0,"9":0,"10":0,"11":0},"f":{"0":0},"b":{}}
}
