{"/Users/erasmodesouzapinheiro/Documents/Dev/ts-hexagonal-boilerplate/src/adapters/controllers/GroupController.ts": {"path":"/Users/erasmodesouzapinheiro/Documents/Dev/ts-hexagonal-boilerplate/src/adapters/controllers/GroupController.ts","statementMap":{"0":{"start":{"line":11,"column":12},"end":{"line":11,"column":50}},"1":{"start":{"line":12,"column":12},"end":{"line":12,"column":50}},"2":{"start":{"line":13,"column":12},"end":{"line":13,"column":50}},"3":{"start":{"line":14,"column":12},"end":{"line":14,"column":44}},"4":{"start":{"line":15,"column":12},"end":{"line":15,"column":48}},"5":{"start":{"line":19,"column":4},"end":{"line":24,"column":5}},"6":{"start":{"line":20,"column":20},"end":{"line":20,"column":67}},"7":{"start":{"line":21,"column":6},"end":{"line":21,"column":41}},"8":{"start":{"line":23,"column":6},"end":{"line":23,"column":71}},"9":{"start":{"line":28,"column":4},"end":{"line":34,"column":5}},"10":{"start":{"line":29,"column":20},"end":{"line":29,"column":82}},"11":{"start":{"line":30,"column":6},"end":{"line":30,"column":76}},"12":{"start":{"line":30,"column":18},"end":{"line":30,"column":76}},"13":{"start":{"line":31,"column":6},"end":{"line":31,"column":36}},"14":{"start":{"line":33,"column":6},"end":{"line":33,"column":71}},"15":{"start":{"line":38,"column":4},"end":{"line":43,"column":5}},"16":{"start":{"line":39,"column":6},"end":{"line":39,"column":59}},"17":{"start":{"line":40,"column":6},"end":{"line":40,"column":36}},"18":{"start":{"line":42,"column":6},"end":{"line":42,"column":71}},"19":{"start":{"line":47,"column":4},"end":{"line":53,"column":5}},"20":{"start":{"line":48,"column":20},"end":{"line":48,"column":69}},"21":{"start":{"line":49,"column":6},"end":{"line":49,"column":76}},"22":{"start":{"line":49,"column":18},"end":{"line":49,"column":76}},"23":{"start":{"line":50,"column":6},"end":{"line":50,"column":29}},"24":{"start":{"line":52,"column":6},"end":{"line":52,"column":71}},"25":{"start":{"line":57,"column":4},"end":{"line":63,"column":5}},"26":{"start":{"line":58,"column":21},"end":{"line":58,"column":59}},"27":{"start":{"line":60,"column":6},"end":{"line":60,"column":30}},"28":{"start":{"line":62,"column":6},"end":{"line":62,"column":71}},"29":{"start":{"line":9,"column":0},"end":{"line":9,"column":13}}},"fnMap":{"0":{"name":"(anonymous_0)","decl":{"start":{"line":10,"column":2},"end":{"line":10,"column":null}},"loc":{"start":{"line":15,"column":48},"end":{"line":16,"column":6}}},"1":{"name":"(anonymous_1)","decl":{"start":{"line":18,"column":2},"end":{"line":18,"column":7}},"loc":{"start":{"line":18,"column":42},"end":{"line":25,"column":3}}},"2":{"name":"(anonymous_2)","decl":{"start":{"line":27,"column":2},"end":{"line":27,"column":7}},"loc":{"start":{"line":27,"column":42},"end":{"line":35,"column":3}}},"3":{"name":"(anonymous_3)","decl":{"start":{"line":37,"column":2},"end":{"line":37,"column":7}},"loc":{"start":{"line":37,"column":42},"end":{"line":44,"column":3}}},"4":{"name":"(anonymous_4)","decl":{"start":{"line":46,"column":2},"end":{"line":46,"column":7}},"loc":{"start":{"line":46,"column":43},"end":{"line":54,"column":3}}},"5":{"name":"(anonymous_5)","decl":{"start":{"line":56,"column":2},"end":{"line":56,"column":7}},"loc":{"start":{"line":56,"column":40},"end":{"line":64,"column":3}}}},"branchMap":{"0":{"loc":{"start":{"line":30,"column":6},"end":{"line":30,"column":76}},"type":"if","locations":[{"start":{"line":30,"column":6},"end":{"line":30,"column":76}}]},"1":{"loc":{"start":{"line":49,"column":6},"end":{"line":49,"column":76}},"type":"if","locations":[{"start":{"line":49,"column":6},"end":{"line":49,"column":76}}]}},"s":{"0":0,"1":0,"2":0,"3":0,"4":0,"5":0,"6":0,"7":0,"8":0,"9":0,"10":0,"11":0,"12":0,"13":0,"14":0,"15":0,"16":0,"17":0,"18":0,"19":0,"20":0,"21":0,"22":0,"23":0,"24":0,"25":0,"26":0,"27":0,"28":0,"29":0},"f":{"0":0,"1":0,"2":0,"3":0,"4":0,"5":0},"b":{"0":[0],"1":[0]}}
,"/Users/erasmodesouzapinheiro/Documents/Dev/ts-hexagonal-boilerplate/src/adapters/presenters/GroupPresenter.ts": {"path":"/Users/erasmodesouzapinheiro/Documents/Dev/ts-hexagonal-boilerplate/src/adapters/presenters/GroupPresenter.ts","statementMap":{"0":{"start":{"line":6,"column":4},"end":{"line":10,"column":6}},"1":{"start":{"line":14,"column":4},"end":{"line":14,"column":50}},"2":{"start":{"line":14,"column":31},"end":{"line":14,"column":48}},"3":{"start":{"line":4,"column":0},"end":{"line":4,"column":13}}},"fnMap":{"0":{"name":"(anonymous_0)","decl":{"start":{"line":5,"column":2},"end":{"line":5,"column":8}},"loc":{"start":{"line":5,"column":27},"end":{"line":11,"column":3}}},"1":{"name":"(anonymous_1)","decl":{"start":{"line":13,"column":2},"end":{"line":13,"column":8}},"loc":{"start":{"line":13,"column":34},"end":{"line":15,"column":3}}},"2":{"name":"(anonymous_2)","decl":{"start":{"line":14,"column":22},"end":{"line":14,"column":27}},"loc":{"start":{"line":14,"column":31},"end":{"line":14,"column":48}}}},"branchMap":{},"s":{"0":0,"1":0,"2":0,"3":0},"f":{"0":0,"1":0,"2":0},"b":{}}
,"/Users/erasmodesouzapinheiro/Documents/Dev/ts-hexagonal-boilerplate/src/adapters/repositories/InMemoryGroupRepository.ts": {"path":"/Users/erasmodesouzapinheiro/Documents/Dev/ts-hexagonal-boilerplate/src/adapters/repositories/InMemoryGroupRepository.ts","statementMap":{"0":{"start":{"line":5,"column":10},"end":{"line":5,"column":31}},"1":{"start":{"line":8,"column":4},"end":{"line":8,"column":28}},"2":{"start":{"line":9,"column":4},"end":{"line":9,"column":17}},"3":{"start":{"line":13,"column":18},"end":{"line":13,"column":57}},"4":{"start":{"line":13,"column":45},"end":{"line":13,"column":56}},"5":{"start":{"line":14,"column":4},"end":{"line":14,"column":34}},"6":{"start":{"line":14,"column":22},"end":{"line":14,"column":34}},"7":{"start":{"line":16,"column":4},"end":{"line":16,"column":31}},"8":{"start":{"line":17,"column":4},"end":{"line":17,"column":17}},"9":{"start":{"line":21,"column":18},"end":{"line":21,"column":57}},"10":{"start":{"line":21,"column":45},"end":{"line":21,"column":56}},"11":{"start":{"line":22,"column":4},"end":{"line":24,"column":5}},"12":{"start":{"line":23,"column":6},"end":{"line":23,"column":35}},"13":{"start":{"line":28,"column":4},"end":{"line":28,"column":62}},"14":{"start":{"line":28,"column":37},"end":{"line":28,"column":52}},"15":{"start":{"line":32,"column":4},"end":{"line":32,"column":23}},"16":{"start":{"line":4,"column":0},"end":{"line":4,"column":13}}},"fnMap":{"0":{"name":"(anonymous_0)","decl":{"start":{"line":4,"column":0},"end":{"line":4,"column":13}},"loc":{"start":{"line":4,"column":0},"end":{"line":34,"column":1}}},"1":{"name":"(anonymous_1)","decl":{"start":{"line":7,"column":2},"end":{"line":7,"column":7}},"loc":{"start":{"line":7,"column":25},"end":{"line":10,"column":3}}},"2":{"name":"(anonymous_2)","decl":{"start":{"line":12,"column":2},"end":{"line":12,"column":7}},"loc":{"start":{"line":12,"column":39},"end":{"line":18,"column":3}}},"3":{"name":"(anonymous_3)","decl":{"start":{"line":13,"column":40},"end":{"line":13,"column":41}},"loc":{"start":{"line":13,"column":45},"end":{"line":13,"column":56}}},"4":{"name":"(anonymous_4)","decl":{"start":{"line":20,"column":2},"end":{"line":20,"column":7}},"loc":{"start":{"line":20,"column":25},"end":{"line":25,"column":3}}},"5":{"name":"(anonymous_5)","decl":{"start":{"line":21,"column":40},"end":{"line":21,"column":41}},"loc":{"start":{"line":21,"column":45},"end":{"line":21,"column":56}}},"6":{"name":"(anonymous_6)","decl":{"start":{"line":27,"column":2},"end":{"line":27,"column":7}},"loc":{"start":{"line":27,"column":27},"end":{"line":29,"column":3}}},"7":{"name":"(anonymous_7)","decl":{"start":{"line":28,"column":28},"end":{"line":28,"column":33}},"loc":{"start":{"line":28,"column":37},"end":{"line":28,"column":52}}},"8":{"name":"(anonymous_8)","decl":{"start":{"line":31,"column":2},"end":{"line":31,"column":7}},"loc":{"start":{"line":31,"column":15},"end":{"line":33,"column":3}}}},"branchMap":{"0":{"loc":{"start":{"line":14,"column":4},"end":{"line":14,"column":34}},"type":"if","locations":[{"start":{"line":14,"column":4},"end":{"line":14,"column":34}}]},"1":{"loc":{"start":{"line":22,"column":4},"end":{"line":24,"column":5}},"type":"if","locations":[{"start":{"line":22,"column":4},"end":{"line":24,"column":5}}]},"2":{"loc":{"start":{"line":28,"column":11},"end":{"line":28,"column":61}},"type":"binary-expr","locations":[{"start":{"line":28,"column":11},"end":{"line":28,"column":53}},{"start":{"line":28,"column":57},"end":{"line":28,"column":61}}]}},"s":{"0":0,"1":0,"2":0,"3":0,"4":0,"5":0,"6":0,"7":0,"8":0,"9":0,"10":0,"11":0,"12":0,"13":0,"14":0,"15":0,"16":0},"f":{"0":0,"1":0,"2":0,"3":0,"4":0,"5":0,"6":0,"7":0,"8":0},"b":{"0":[0],"1":[0],"2":[0,0]}}
,"/Users/erasmodesouzapinheiro/Documents/Dev/ts-hexagonal-boilerplate/src/domain/entities/Group.ts": {"path":"/Users/erasmodesouzapinheiro/Documents/Dev/ts-hexagonal-boilerplate/src/domain/entities/Group.ts","statementMap":{"0":{"start":{"line":1,"column":0},"end":{"line":1,"column":45}},"1":{"start":{"line":11,"column":4},"end":{"line":14,"column":7}},"2":{"start":{"line":18,"column":4},"end":{"line":18,"column":27}},"3":{"start":{"line":22,"column":4},"end":{"line":22,"column":33}},"4":{"start":{"line":26,"column":4},"end":{"line":26,"column":34}},"5":{"start":{"line":9,"column":0},"end":{"line":9,"column":13}}},"fnMap":{"0":{"name":"(anonymous_0)","decl":{"start":{"line":10,"column":2},"end":{"line":10,"column":14}},"loc":{"start":{"line":10,"column":31},"end":{"line":15,"column":3}}},"1":{"name":"(anonymous_1)","decl":{"start":{"line":17,"column":2},"end":{"line":17,"column":6}},"loc":{"start":{"line":17,"column":10},"end":{"line":19,"column":3}}},"2":{"name":"(anonymous_2)","decl":{"start":{"line":21,"column":2},"end":{"line":21,"column":6}},"loc":{"start":{"line":21,"column":15},"end":{"line":23,"column":3}}},"3":{"name":"(anonymous_3)","decl":{"start":{"line":25,"column":2},"end":{"line":25,"column":6}},"loc":{"start":{"line":25,"column":17},"end":{"line":27,"column":3}}}},"branchMap":{"0":{"loc":{"start":{"line":13,"column":17},"end":{"line":13,"column":46}},"type":"binary-expr","locations":[{"start":{"line":13,"column":17},"end":{"line":13,"column":32}},{"start":{"line":13,"column":36},"end":{"line":13,"column":46}}]}},"s":{"0":4,"1":9,"2":5,"3":6,"4":4,"5":4},"f":{"0":9,"1":5,"2":6,"3":4},"b":{"0":[9,6]}}
,"/Users/erasmodesouzapinheiro/Documents/Dev/ts-hexagonal-boilerplate/src/domain/framework/Entity.ts": {"path":"/Users/erasmodesouzapinheiro/Documents/Dev/ts-hexagonal-boilerplate/src/domain/framework/Entity.ts","statementMap":{"0":{"start":{"line":2,"column":34},"end":{"line":2,"column":46}},"1":{"start":{"line":2,"column":58},"end":{"line":2,"column":72}},"2":{"start":{"line":5,"column":4},"end":{"line":5,"column":20}},"3":{"start":{"line":9,"column":21},"end":{"line":9,"column":36}},"4":{"start":{"line":10,"column":4},"end":{"line":10,"column":22}},"5":{"start":{"line":11,"column":4},"end":{"line":11,"column":20}},"6":{"start":{"line":1,"column":0},"end":{"line":1,"column":22}}},"fnMap":{"0":{"name":"(anonymous_0)","decl":{"start":{"line":2,"column":2},"end":{"line":2,"column":34}},"loc":{"start":{"line":2,"column":91},"end":{"line":2,"column":95}}},"1":{"name":"(anonymous_1)","decl":{"start":{"line":4,"column":2},"end":{"line":4,"column":6}},"loc":{"start":{"line":4,"column":8},"end":{"line":6,"column":3}}},"2":{"name":"(anonymous_2)","decl":{"start":{"line":8,"column":2},"end":{"line":8,"column":8}},"loc":{"start":{"line":8,"column":91},"end":{"line":12,"column":3}}}},"branchMap":{"0":{"loc":{"start":{"line":2,"column":58},"end":{"line":2,"column":91}},"type":"default-arg","locations":[{"start":{"line":2,"column":72},"end":{"line":2,"column":91}}]}},"s":{"0":9,"1":9,"2":5,"3":4,"4":4,"5":4,"6":4},"f":{"0":9,"1":5,"2":4},"b":{"0":[9]}}
,"/Users/erasmodesouzapinheiro/Documents/Dev/ts-hexagonal-boilerplate/src/domain/usecases/group/CreateGroupUseCase.ts": {"path":"/Users/erasmodesouzapinheiro/Documents/Dev/ts-hexagonal-boilerplate/src/domain/usecases/group/CreateGroupUseCase.ts","statementMap":{"0":{"start":{"line":1,"column":0},"end":{"line":1,"column":45}},"1":{"start":{"line":12,"column":22},"end":{"line":12,"column":55}},"2":{"start":{"line":15,"column":18},"end":{"line":15,"column":48}},"3":{"start":{"line":16,"column":23},"end":{"line":16,"column":61}},"4":{"start":{"line":18,"column":4},"end":{"line":20,"column":6}},"5":{"start":{"line":11,"column":0},"end":{"line":11,"column":13}}},"fnMap":{"0":{"name":"(anonymous_0)","decl":{"start":{"line":12,"column":2},"end":{"line":12,"column":22}},"loc":{"start":{"line":12,"column":55},"end":{"line":12,"column":60}}},"1":{"name":"(anonymous_1)","decl":{"start":{"line":14,"column":2},"end":{"line":14,"column":7}},"loc":{"start":{"line":14,"column":36},"end":{"line":21,"column":3}}}},"branchMap":{},"s":{"0":1,"1":2,"2":2,"3":2,"4":1,"5":1},"f":{"0":2,"1":2},"b":{}}
,"/Users/erasmodesouzapinheiro/Documents/Dev/ts-hexagonal-boilerplate/src/domain/usecases/group/DeleteGroupUseCase.ts": {"path":"/Users/erasmodesouzapinheiro/Documents/Dev/ts-hexagonal-boilerplate/src/domain/usecases/group/DeleteGroupUseCase.ts","statementMap":{"0":{"start":{"line":4,"column":22},"end":{"line":4,"column":55}},"1":{"start":{"line":7,"column":4},"end":{"line":7,"column":42}},"2":{"start":{"line":3,"column":0},"end":{"line":3,"column":13}}},"fnMap":{"0":{"name":"(anonymous_0)","decl":{"start":{"line":4,"column":2},"end":{"line":4,"column":22}},"loc":{"start":{"line":4,"column":55},"end":{"line":4,"column":59}}},"1":{"name":"(anonymous_1)","decl":{"start":{"line":6,"column":2},"end":{"line":6,"column":7}},"loc":{"start":{"line":6,"column":26},"end":{"line":8,"column":3}}}},"branchMap":{},"s":{"0":2,"1":2,"2":1},"f":{"0":2,"1":2},"b":{}}
,"/Users/erasmodesouzapinheiro/Documents/Dev/ts-hexagonal-boilerplate/src/domain/usecases/group/GetGroupUseCase.ts": {"path":"/Users/erasmodesouzapinheiro/Documents/Dev/ts-hexagonal-boilerplate/src/domain/usecases/group/GetGroupUseCase.ts","statementMap":{"0":{"start":{"line":6,"column":22},"end":{"line":6,"column":55}},"1":{"start":{"line":9,"column":18},"end":{"line":9,"column":57}},"2":{"start":{"line":11,"column":4},"end":{"line":13,"column":5}},"3":{"start":{"line":12,"column":6},"end":{"line":12,"column":18}},"4":{"start":{"line":15,"column":4},"end":{"line":15,"column":32}},"5":{"start":{"line":19,"column":4},"end":{"line":25,"column":6}},"6":{"start":{"line":5,"column":0},"end":{"line":5,"column":13}}},"fnMap":{"0":{"name":"(anonymous_0)","decl":{"start":{"line":6,"column":2},"end":{"line":6,"column":22}},"loc":{"start":{"line":6,"column":55},"end":{"line":6,"column":60}}},"1":{"name":"(anonymous_1)","decl":{"start":{"line":8,"column":2},"end":{"line":8,"column":7}},"loc":{"start":{"line":8,"column":26},"end":{"line":16,"column":3}}},"2":{"name":"(anonymous_2)","decl":{"start":{"line":18,"column":10},"end":{"line":18,"column":18}},"loc":{"start":{"line":18,"column":31},"end":{"line":26,"column":3}}}},"branchMap":{"0":{"loc":{"start":{"line":11,"column":4},"end":{"line":13,"column":5}},"type":"if","locations":[{"start":{"line":11,"column":4},"end":{"line":13,"column":5}}]}},"s":{"0":2,"1":2,"2":2,"3":1,"4":1,"5":1,"6":1},"f":{"0":2,"1":2,"2":1},"b":{"0":[1]}}
,"/Users/erasmodesouzapinheiro/Documents/Dev/ts-hexagonal-boilerplate/src/domain/usecases/group/ListGroupsUseCase.ts": {"path":"/Users/erasmodesouzapinheiro/Documents/Dev/ts-hexagonal-boilerplate/src/domain/usecases/group/ListGroupsUseCase.ts","statementMap":{"0":{"start":{"line":6,"column":22},"end":{"line":6,"column":55}},"1":{"start":{"line":9,"column":19},"end":{"line":9,"column":55}},"2":{"start":{"line":10,"column":4},"end":{"line":10,"column":33}},"3":{"start":{"line":14,"column":4},"end":{"line":19,"column":8}},"4":{"start":{"line":14,"column":30},"end":{"line":19,"column":6}},"5":{"start":{"line":5,"column":0},"end":{"line":5,"column":13}}},"fnMap":{"0":{"name":"(anonymous_0)","decl":{"start":{"line":6,"column":2},"end":{"line":6,"column":22}},"loc":{"start":{"line":6,"column":55},"end":{"line":6,"column":59}}},"1":{"name":"(anonymous_1)","decl":{"start":{"line":8,"column":2},"end":{"line":8,"column":7}},"loc":{"start":{"line":8,"column":15},"end":{"line":11,"column":3}}},"2":{"name":"(anonymous_2)","decl":{"start":{"line":13,"column":10},"end":{"line":13,"column":18}},"loc":{"start":{"line":13,"column":32},"end":{"line":20,"column":3}}},"3":{"name":"(anonymous_3)","decl":{"start":{"line":14,"column":20},"end":{"line":14,"column":25}},"loc":{"start":{"line":14,"column":30},"end":{"line":19,"column":6}}}},"branchMap":{},"s":{"0":3,"1":3,"2":2,"3":2,"4":2,"5":1},"f":{"0":3,"1":3,"2":2,"3":2},"b":{}}
,"/Users/erasmodesouzapinheiro/Documents/Dev/ts-hexagonal-boilerplate/src/domain/usecases/group/UpdateGroupUseCase.ts": {"path":"/Users/erasmodesouzapinheiro/Documents/Dev/ts-hexagonal-boilerplate/src/domain/usecases/group/UpdateGroupUseCase.ts","statementMap":{"0":{"start":{"line":1,"column":0},"end":{"line":1,"column":45}},"1":{"start":{"line":6,"column":22},"end":{"line":6,"column":55}},"2":{"start":{"line":9,"column":26},"end":{"line":9,"column":65}},"3":{"start":{"line":10,"column":4},"end":{"line":10,"column":36}},"4":{"start":{"line":10,"column":24},"end":{"line":10,"column":36}},"5":{"start":{"line":12,"column":25},"end":{"line":12,"column":48}},"6":{"start":{"line":13,"column":4},"end":{"line":13,"column":63}},"7":{"start":{"line":5,"column":0},"end":{"line":5,"column":13}}},"fnMap":{"0":{"name":"(anonymous_0)","decl":{"start":{"line":6,"column":2},"end":{"line":6,"column":22}},"loc":{"start":{"line":6,"column":55},"end":{"line":6,"column":59}}},"1":{"name":"(anonymous_1)","decl":{"start":{"line":8,"column":2},"end":{"line":8,"column":7}},"loc":{"start":{"line":8,"column":48},"end":{"line":14,"column":3}}}},"branchMap":{"0":{"loc":{"start":{"line":10,"column":4},"end":{"line":10,"column":36}},"type":"if","locations":[{"start":{"line":10,"column":4},"end":{"line":10,"column":36}}]}},"s":{"0":1,"1":2,"2":2,"3":2,"4":1,"5":1,"6":1,"7":1},"f":{"0":2,"1":2},"b":{"0":[1]}}
,"/Users/erasmodesouzapinheiro/Documents/Dev/ts-hexagonal-boilerplate/src/infrastructure/config/env.ts": {"path":"/Users/erasmodesouzapinheiro/Documents/Dev/ts-hexagonal-boilerplate/src/infrastructure/config/env.ts","statementMap":{"0":{"start":{"line":1,"column":0},"end":{"line":1,"column":28}},"1":{"start":{"line":3,"column":0},"end":{"line":3,"column":16}},"2":{"start":{"line":5,"column":13},"end":{"line":8,"column":2}}},"fnMap":{},"branchMap":{"0":{"loc":{"start":{"line":6,"column":8},"end":{"line":6,"column":32}},"type":"binary-expr","locations":[{"start":{"line":6,"column":8},"end":{"line":6,"column":24}},{"start":{"line":6,"column":28},"end":{"line":6,"column":32}}]},"1":{"loc":{"start":{"line":7,"column":15},"end":{"line":7,"column":52}},"type":"binary-expr","locations":[{"start":{"line":7,"column":15},"end":{"line":7,"column":35}},{"start":{"line":7,"column":39},"end":{"line":7,"column":52}}]}},"s":{"0":0,"1":0,"2":0},"f":{},"b":{"0":[0,0],"1":[0,0]}}
,"/Users/erasmodesouzapinheiro/Documents/Dev/ts-hexagonal-boilerplate/src/infrastructure/server/app.ts": {"path":"/Users/erasmodesouzapinheiro/Documents/Dev/ts-hexagonal-boilerplate/src/infrastructure/server/app.ts","statementMap":{"0":{"start":{"line":1,"column":0},"end":{"line":1,"column":30}},"1":{"start":{"line":2,"column":0},"end":{"line":2,"column":39}},"2":{"start":{"line":3,"column":0},"end":{"line":3,"column":57}},"3":{"start":{"line":10,"column":4},"end":{"line":10,"column":25}},"4":{"start":{"line":11,"column":4},"end":{"line":11,"column":23}},"5":{"start":{"line":12,"column":4},"end":{"line":12,"column":18}},"6":{"start":{"line":16,"column":4},"end":{"line":16,"column":33}},"7":{"start":{"line":20,"column":4},"end":{"line":22,"column":7}},"8":{"start":{"line":21,"column":6},"end":{"line":21,"column":61}},"9":{"start":{"line":23,"column":4},"end":{"line":23,"column":37}},"10":{"start":{"line":28,"column":4},"end":{"line":30,"column":7}},"11":{"start":{"line":29,"column":6},"end":{"line":29,"column":62}},"12":{"start":{"line":6,"column":0},"end":{"line":6,"column":13}},"13":{"start":{"line":34,"column":12},"end":{"line":34,"column":21}},"14":{"start":{"line":35,"column":0},"end":{"line":35,"column":12}}},"fnMap":{"0":{"name":"(anonymous_1)","decl":{"start":{"line":9,"column":2},"end":{"line":9,"column":null}},"loc":{"start":{"line":9,"column":2},"end":{"line":13,"column":3}}},"1":{"name":"(anonymous_2)","decl":{"start":{"line":15,"column":10},"end":{"line":15,"column":21}},"loc":{"start":{"line":15,"column":21},"end":{"line":17,"column":3}}},"2":{"name":"(anonymous_3)","decl":{"start":{"line":19,"column":10},"end":{"line":19,"column":16}},"loc":{"start":{"line":19,"column":16},"end":{"line":25,"column":3}}},"3":{"name":"(anonymous_4)","decl":{"start":{"line":20,"column":22},"end":{"line":20,"column":23}},"loc":{"start":{"line":20,"column":35},"end":{"line":22,"column":5}}},"4":{"name":"(anonymous_5)","decl":{"start":{"line":27,"column":9},"end":{"line":27,"column":14}},"loc":{"start":{"line":27,"column":14},"end":{"line":31,"column":3}}},"5":{"name":"(anonymous_6)","decl":{"start":{"line":28,"column":33},"end":{"line":28,"column":36}},"loc":{"start":{"line":28,"column":38},"end":{"line":30,"column":5}}}},"branchMap":{},"s":{"0":0,"1":0,"2":0,"3":0,"4":0,"5":0,"6":0,"7":0,"8":0,"9":0,"10":0,"11":0,"12":0,"13":0,"14":0},"f":{"0":0,"1":0,"2":0,"3":0,"4":0,"5":0},"b":{}}
,"/Users/erasmodesouzapinheiro/Documents/Dev/ts-hexagonal-boilerplate/src/infrastructure/server/routes/group.routes.ts": {"path":"/Users/erasmodesouzapinheiro/Documents/Dev/ts-hexagonal-boilerplate/src/infrastructure/server/routes/group.routes.ts","statementMap":{"0":{"start":{"line":1,"column":0},"end":{"line":1,"column":52}},"1":{"start":{"line":2,"column":0},"end":{"line":2,"column":80}},"2":{"start":{"line":3,"column":0},"end":{"line":3,"column":97}},"3":{"start":{"line":4,"column":0},"end":{"line":4,"column":87}},"4":{"start":{"line":5,"column":0},"end":{"line":5,"column":87}},"5":{"start":{"line":6,"column":0},"end":{"line":6,"column":87}},"6":{"start":{"line":7,"column":0},"end":{"line":7,"column":81}},"7":{"start":{"line":8,"column":0},"end":{"line":8,"column":85}},"8":{"start":{"line":11,"column":25},"end":{"line":64,"column":1}},"9":{"start":{"line":12,"column":22},"end":{"line":12,"column":30}},"10":{"start":{"line":14,"column":21},"end":{"line":19,"column":null}},"11":{"start":{"line":23,"column":2},"end":{"line":29,"column":5}},"12":{"start":{"line":24,"column":4},"end":{"line":28,"column":5}},"13":{"start":{"line":25,"column":6},"end":{"line":25,"column":40}},"14":{"start":{"line":27,"column":6},"end":{"line":27,"column":63}},"15":{"start":{"line":31,"column":2},"end":{"line":37,"column":5}},"16":{"start":{"line":32,"column":4},"end":{"line":36,"column":5}},"17":{"start":{"line":33,"column":6},"end":{"line":33,"column":40}},"18":{"start":{"line":35,"column":6},"end":{"line":35,"column":63}},"19":{"start":{"line":39,"column":2},"end":{"line":45,"column":5}},"20":{"start":{"line":40,"column":4},"end":{"line":44,"column":5}},"21":{"start":{"line":41,"column":6},"end":{"line":41,"column":40}},"22":{"start":{"line":43,"column":6},"end":{"line":43,"column":63}},"23":{"start":{"line":47,"column":2},"end":{"line":53,"column":5}},"24":{"start":{"line":48,"column":4},"end":{"line":52,"column":5}},"25":{"start":{"line":49,"column":6},"end":{"line":49,"column":41}},"26":{"start":{"line":51,"column":6},"end":{"line":51,"column":63}},"27":{"start":{"line":55,"column":2},"end":{"line":61,"column":5}},"28":{"start":{"line":56,"column":4},"end":{"line":60,"column":5}},"29":{"start":{"line":57,"column":6},"end":{"line":57,"column":38}},"30":{"start":{"line":59,"column":6},"end":{"line":59,"column":63}},"31":{"start":{"line":63,"column":2},"end":{"line":63,"column":21}},"32":{"start":{"line":66,"column":9},"end":{"line":66,"column":25}}},"fnMap":{"0":{"name":"(anonymous_0)","decl":{"start":{"line":11,"column":25},"end":{"line":11,"column":26}},"loc":{"start":{"line":11,"column":72},"end":{"line":64,"column":1}}},"1":{"name":"(anonymous_1)","decl":{"start":{"line":23,"column":30},"end":{"line":23,"column":35}},"loc":{"start":{"line":23,"column":68},"end":{"line":29,"column":3}}},"2":{"name":"(anonymous_2)","decl":{"start":{"line":31,"column":35},"end":{"line":31,"column":40}},"loc":{"start":{"line":31,"column":73},"end":{"line":37,"column":3}}},"3":{"name":"(anonymous_3)","decl":{"start":{"line":39,"column":36},"end":{"line":39,"column":41}},"loc":{"start":{"line":39,"column":74},"end":{"line":45,"column":3}}},"4":{"name":"(anonymous_4)","decl":{"start":{"line":47,"column":33},"end":{"line":47,"column":38}},"loc":{"start":{"line":47,"column":71},"end":{"line":53,"column":3}}},"5":{"name":"(anonymous_5)","decl":{"start":{"line":55,"column":29},"end":{"line":55,"column":34}},"loc":{"start":{"line":55,"column":67},"end":{"line":61,"column":3}}}},"branchMap":{"0":{"loc":{"start":{"line":11,"column":26},"end":{"line":11,"column":68}},"type":"default-arg","locations":[{"start":{"line":11,"column":39},"end":{"line":11,"column":68}}]}},"s":{"0":0,"1":0,"2":0,"3":0,"4":0,"5":0,"6":0,"7":0,"8":0,"9":0,"10":0,"11":0,"12":0,"13":0,"14":0,"15":0,"16":0,"17":0,"18":0,"19":0,"20":0,"21":0,"22":0,"23":0,"24":0,"25":0,"26":0,"27":0,"28":0,"29":0,"30":0,"31":0,"32":0},"f":{"0":0,"1":0,"2":0,"3":0,"4":0,"5":0},"b":{"0":[0]}}
}
