TN:
SF:src/adapters/controllers/group/GroupController.ts
FN:11,(anonymous_0)
FN:19,(anonymous_1)
FN:35,(anonymous_2)
FN:50,(anonymous_3)
FN:59,(anonymous_4)
FN:69,(anonymous_5)
FNF:6
FNH:0
FNDA:0,(anonymous_0)
FNDA:0,(anonymous_1)
FNDA:0,(anonymous_2)
FNDA:0,(anonymous_3)
FNDA:0,(anonymous_4)
FNDA:0,(anonymous_5)
DA:7,0
DA:8,0
DA:10,0
DA:12,0
DA:13,0
DA:14,0
DA:15,0
DA:16,0
DA:20,0
DA:22,0
DA:25,0
DA:28,0
DA:29,0
DA:31,0
DA:36,0
DA:37,0
DA:42,0
DA:44,0
DA:46,0
DA:51,0
DA:52,0
DA:53,0
DA:55,0
DA:60,0
DA:61,0
DA:62,0
DA:63,0
DA:65,0
DA:70,0
DA:71,0
DA:72,0
DA:74,0
LF:32
LH:0
BRDA:42,0,0,0
BRDA:62,1,0,0
BRF:2
BRH:0
end_of_record
TN:
SF:src/adapters/controllers/group/GroupInputMapper.ts
FN:5,(anonymous_0)
FNF:1
FNH:0
FNDA:0,(anonymous_0)
DA:4,0
DA:6,0
DA:7,0
DA:10,0
DA:12,0
LF:5
LH:0
BRDA:6,0,0,0
BRDA:6,1,0,0
BRDA:6,1,1,0
BRF:3
BRH:0
end_of_record
TN:
SF:src/adapters/controllers/group/GroupInputValidator.ts
FN:10,(anonymous_1)
FN:18,(anonymous_2)
FN:26,(anonymous_3)
FNF:3
FNH:0
FNDA:0,(anonymous_1)
FNDA:0,(anonymous_2)
FNDA:0,(anonymous_3)
DA:3,0
DA:4,0
DA:5,0
DA:7,0
DA:11,0
DA:19,0
DA:20,0
DA:23,0
DA:26,0
LF:9
LH:0
BRDA:19,0,0,0
BRDA:19,1,0,0
BRDA:19,1,1,0
BRF:3
BRH:0
end_of_record
TN:
SF:src/adapters/framework/exceptions/BusinessException.ts
FN:2,(anonymous_0)
FNF:1
FNH:0
FNDA:0,(anonymous_0)
DA:3,0
DA:7,0
LF:2
LH:0
BRF:0
BRH:0
end_of_record
TN:
SF:src/adapters/framework/exceptions/SystemException.ts
FN:2,(anonymous_0)
FNF:1
FNH:0
FNDA:0,(anonymous_0)
DA:3,0
DA:7,0
LF:2
LH:0
BRF:0
BRH:0
end_of_record
TN:
SF:src/adapters/framework/exceptions/ValidationErrorException.ts
FN:8,(anonymous_1)
FNF:1
FNH:0
FNDA:0,(anonymous_1)
DA:1,0
DA:3,0
DA:9,0
DA:10,0
DA:11,0
DA:12,0
DA:20,0
LF:7
LH:0
BRF:0
BRH:0
end_of_record
TN:
SF:src/adapters/framework/validators/minLengthValidation.ts
FN:5,(anonymous_1)
FN:10,(anonymous_2)
FNF:2
FNH:0
FNDA:0,(anonymous_1)
FNDA:0,(anonymous_2)
DA:1,0
DA:6,0
DA:7,0
DA:11,0
DA:12,0
DA:19,0
LF:6
LH:0
BRDA:11,0,0,0
BRDA:11,1,0,0
BRDA:11,1,1,0
BRF:3
BRH:0
end_of_record
TN:
SF:src/adapters/framework/validators/requiredFieldValidation.ts
FN:5,(anonymous_1)
FN:7,(anonymous_2)
FNF:2
FNH:0
FNDA:0,(anonymous_1)
FNDA:0,(anonymous_2)
DA:1,0
DA:5,0
DA:8,0
DA:9,0
DA:14,0
LF:5
LH:0
BRDA:8,0,0,0
BRF:1
BRH:0
end_of_record
TN:
SF:src/adapters/framework/validators/stringTypeValidation.ts
FN:5,(anonymous_1)
FN:7,(anonymous_2)
FNF:2
FNH:0
FNDA:0,(anonymous_1)
FNDA:0,(anonymous_2)
DA:1,0
DA:5,0
DA:8,0
DA:9,0
DA:14,0
LF:5
LH:0
BRDA:8,0,0,0
BRF:1
BRH:0
end_of_record
TN:
SF:src/adapters/providers/winston/WinstonLogger.ts
FN:7,(anonymous_0)
FN:18,(anonymous_1)
FN:22,(anonymous_2)
FN:26,(anonymous_3)
FN:30,(anonymous_4)
FN:34,(anonymous_5)
FNF:6
FNH:0
FNDA:0,(anonymous_0)
FNDA:0,(anonymous_1)
FNDA:0,(anonymous_2)
FNDA:0,(anonymous_3)
FNDA:0,(anonymous_4)
FNDA:0,(anonymous_5)
DA:1,0
DA:4,0
DA:8,0
DA:19,0
DA:23,0
DA:27,0
DA:31,0
DA:35,0
LF:8
LH:0
BRF:0
BRH:0
end_of_record
TN:
SF:src/adapters/repositories/InMemoryGroupRepository.ts
FN:4,(anonymous_0)
FN:7,(anonymous_1)
FN:12,(anonymous_2)
FN:13,(anonymous_3)
FN:20,(anonymous_4)
FN:21,(anonymous_5)
FN:27,(anonymous_6)
FN:28,(anonymous_7)
FN:31,(anonymous_8)
FNF:9
FNH:0
FNDA:0,(anonymous_0)
FNDA:0,(anonymous_1)
FNDA:0,(anonymous_2)
FNDA:0,(anonymous_3)
FNDA:0,(anonymous_4)
FNDA:0,(anonymous_5)
FNDA:0,(anonymous_6)
FNDA:0,(anonymous_7)
FNDA:0,(anonymous_8)
DA:4,0
DA:5,0
DA:8,0
DA:9,0
DA:13,0
DA:14,0
DA:16,0
DA:17,0
DA:21,0
DA:22,0
DA:23,0
DA:28,0
DA:32,0
LF:13
LH:0
BRDA:14,0,0,0
BRDA:22,1,0,0
BRDA:28,2,0,0
BRDA:28,2,1,0
BRF:4
BRH:0
end_of_record
TN:
SF:src/domain/entities/Group.ts
FN:10,(anonymous_0)
FN:17,(anonymous_1)
FN:21,(anonymous_2)
FN:25,(anonymous_3)
FNF:4
FNH:4
FNDA:9,(anonymous_0)
FNDA:5,(anonymous_1)
FNDA:6,(anonymous_2)
FNDA:4,(anonymous_3)
DA:1,4
DA:9,4
DA:11,9
DA:18,5
DA:22,6
DA:26,4
LF:6
LH:6
BRDA:13,0,0,9
BRDA:13,0,1,6
BRF:2
BRH:2
end_of_record
TN:
SF:src/domain/framework/Entity.ts
FN:2,(anonymous_0)
FN:7,(anonymous_1)
FN:11,(anonymous_2)
FNF:3
FNH:3
FNDA:9,(anonymous_0)
FNDA:5,(anonymous_1)
FNDA:4,(anonymous_2)
DA:1,4
DA:3,9
DA:4,9
DA:8,5
DA:16,4
DA:17,4
DA:18,4
LF:7
LH:7
BRDA:4,0,0,9
BRF:1
BRH:1
end_of_record
TN:
SF:src/domain/ports/Logger.interface.ts
FN:1,(anonymous_0)
FNF:1
FNH:0
FNDA:0,(anonymous_0)
DA:1,0
DA:2,0
DA:3,0
DA:4,0
DA:5,0
LF:5
LH:0
BRDA:1,0,0,0
BRDA:1,0,1,0
BRF:2
BRH:0
end_of_record
TN:
SF:src/domain/usecases/group/CreateGroupUseCase.ts
FN:12,(anonymous_0)
FN:14,(anonymous_1)
FNF:2
FNH:2
FNDA:2,(anonymous_0)
FNDA:2,(anonymous_1)
DA:1,1
DA:11,1
DA:12,2
DA:15,2
DA:16,2
DA:18,1
LF:6
LH:6
BRF:0
BRH:0
end_of_record
TN:
SF:src/domain/usecases/group/DeleteGroupUseCase.ts
FN:4,(anonymous_0)
FN:6,(anonymous_1)
FNF:2
FNH:2
FNDA:2,(anonymous_0)
FNDA:2,(anonymous_1)
DA:3,1
DA:4,2
DA:7,2
LF:3
LH:3
BRF:0
BRH:0
end_of_record
TN:
SF:src/domain/usecases/group/GetGroupUseCase.ts
FN:6,(anonymous_0)
FN:8,(anonymous_1)
FN:18,(anonymous_2)
FNF:3
FNH:3
FNDA:2,(anonymous_0)
FNDA:2,(anonymous_1)
FNDA:1,(anonymous_2)
DA:5,1
DA:6,2
DA:9,2
DA:11,2
DA:12,1
DA:15,1
DA:19,1
LF:7
LH:7
BRDA:11,0,0,1
BRF:1
BRH:1
end_of_record
TN:
SF:src/domain/usecases/group/ListGroupsUseCase.ts
FN:6,(anonymous_0)
FN:8,(anonymous_1)
FN:13,(anonymous_2)
FN:14,(anonymous_3)
FNF:4
FNH:4
FNDA:3,(anonymous_0)
FNDA:3,(anonymous_1)
FNDA:2,(anonymous_2)
FNDA:2,(anonymous_3)
DA:5,1
DA:6,3
DA:9,3
DA:10,2
DA:14,2
LF:5
LH:5
BRF:0
BRH:0
end_of_record
TN:
SF:src/domain/usecases/group/UpdateGroupUseCase.ts
FN:6,(anonymous_0)
FN:8,(anonymous_1)
FNF:2
FNH:2
FNDA:2,(anonymous_0)
FNDA:2,(anonymous_1)
DA:1,1
DA:5,1
DA:6,2
DA:9,2
DA:10,2
DA:12,1
DA:13,1
LF:7
LH:7
BRDA:10,0,0,1
BRF:1
BRH:1
end_of_record
TN:
SF:src/infrastructure/config/env.ts
FNF:0
FNH:0
DA:1,0
DA:3,0
DA:5,0
LF:3
LH:0
BRDA:6,0,0,0
BRDA:6,0,1,0
BRDA:7,1,0,0
BRDA:7,1,1,0
BRF:4
BRH:0
end_of_record
TN:
SF:src/infrastructure/config/logger.config.ts
FN:7,(anonymous_0)
FNF:1
FNH:0
FNDA:0,(anonymous_0)
DA:1,0
DA:2,0
DA:4,0
DA:8,0
DA:9,0
DA:12,0
DA:14,0
DA:16,0
DA:17,0
DA:20,0
LF:10
LH:0
BRDA:8,0,0,0
BRDA:12,1,0,0
BRDA:12,1,1,0
BRDA:14,2,0,0
BRDA:14,2,1,0
BRF:5
BRH:0
end_of_record
TN:
SF:src/infrastructure/server/app.ts
FN:10,(anonymous_1)
FN:16,(anonymous_2)
FN:21,(anonymous_3)
FN:22,(anonymous_4)
FN:28,(anonymous_5)
FN:29,(anonymous_6)
FNF:6
FNH:0
FNDA:0,(anonymous_1)
FNDA:0,(anonymous_2)
FNDA:0,(anonymous_3)
FNDA:0,(anonymous_4)
FNDA:0,(anonymous_5)
FNDA:0,(anonymous_6)
DA:2,0
DA:3,0
DA:4,0
DA:5,0
DA:7,0
DA:11,0
DA:12,0
DA:13,0
DA:17,0
DA:18,0
DA:22,0
DA:23,0
DA:25,0
DA:29,0
DA:30,0
DA:35,0
DA:36,0
LF:17
LH:0
BRF:0
BRH:0
end_of_record
TN:
SF:src/infrastructure/server/middlewares/response.handler.ts
FN:19,(anonymous_0)
FN:24,(anonymous_1)
FN:28,(anonymous_2)
FNF:3
FNH:0
FNDA:0,(anonymous_0)
FNDA:0,(anonymous_1)
FNDA:0,(anonymous_2)
DA:19,0
DA:24,0
DA:25,0
DA:28,0
DA:29,0
DA:34,0
DA:37,0
LF:7
LH:0
BRDA:24,0,0,0
BRDA:28,1,0,0
BRF:2
BRH:0
end_of_record
TN:
SF:src/infrastructure/server/routes/group.routes.ts
FN:12,(anonymous_0)
FN:24,(anonymous_1)
FN:32,(anonymous_2)
FN:40,(anonymous_3)
FN:48,(anonymous_4)
FN:56,(anonymous_5)
FNF:6
FNH:0
FNDA:0,(anonymous_0)
FNDA:0,(anonymous_1)
FNDA:0,(anonymous_2)
FNDA:0,(anonymous_3)
FNDA:0,(anonymous_4)
FNDA:0,(anonymous_5)
DA:1,0
DA:3,0
DA:4,0
DA:5,0
DA:6,0
DA:7,0
DA:8,0
DA:9,0
DA:12,0
DA:13,0
DA:15,0
DA:24,0
DA:25,0
DA:26,0
DA:28,0
DA:32,0
DA:33,0
DA:34,0
DA:36,0
DA:40,0
DA:41,0
DA:42,0
DA:44,0
DA:48,0
DA:49,0
DA:50,0
DA:52,0
DA:56,0
DA:57,0
DA:58,0
DA:60,0
DA:64,0
DA:67,0
LF:33
LH:0
BRDA:12,0,0,0
BRF:1
BRH:0
end_of_record
